TN:
SF:/home/rampage/Desktop/work/repos/public/@gapi/gapi-starter-microservices/src/app/core/services/auth/auth.service.ts
FN:13,(anonymous_2)
FN:21,(anonymous_3)
FN:30,(anonymous_4)
FN:41,(anonymous_5)
FN:45,(anonymous_6)
FN:49,(anonymous_7)
FN:58,(anonymous_8)
FN:62,(anonymous_9)
FNF:8
FNH:3
FNDA:1,(anonymous_2)
FNDA:0,(anonymous_3)
FNDA:0,(anonymous_4)
FNDA:0,(anonymous_5)
FNDA:0,(anonymous_6)
FNDA:0,(anonymous_7)
FNDA:1,(anonymous_8)
FNDA:1,(anonymous_9)
DA:11,1
DA:14,1
DA:15,1
DA:17,1
DA:18,1
DA:22,0
DA:23,0
DA:24,0
DA:26,0
DA:31,0
DA:32,0
DA:33,0
DA:34,0
DA:35,0
DA:37,0
DA:42,0
DA:46,0
DA:50,0
DA:55,0
DA:59,1
DA:63,1
LF:21
LH:7
BRDA:23,0,0,0
BRDA:23,0,1,0
BRDA:30,1,0,0
BRDA:34,2,0,0
BRDA:34,2,1,0
BRDA:14,3,0,1
BRDA:14,3,1,0
BRDA:14,4,0,1
BRDA:14,5,0,1
BRDA:14,5,1,1
BRDA:14,5,2,0
BRDA:14,6,0,1
BRDA:14,6,1,1
BRF:13
BRH:6
end_of_record
